<?xml version="1.0" encoding="UTF-8"?>
<!-- Generated by org.testng.reporters.JUnitReportReporter -->
<testsuite hostname="Sasmita" failures="0" tests="1" name="com.example.AppTest" time="28.711" errors="0" timestamp="2024-05-01T18:36:55 IST" skipped="0">
  <testcase classname="com.example.AppTest" name="testCase1" time="28.711"/>
</testsuite> <!-- com.example.AppTest -->
